<?xml version="1.0" encoding="UTF-8"?>
<!-- Generated by org.testng.reporters.JUnitXMLReporter -->
<testsuite ignored="0" hostname="LAPTOP-FBD5JB60" failures="0" tests="2" name="BankingApp Test" time="42.999" errors="0" timestamp="2020-08-09T14:10:27 EDT">
  <testcase classname="com.inetBanking.testCases.TC_LoginTest_001" name="loginTest" time="1.093"/>
  <testcase classname="com.inetBanking.testCases.TC_AddCustomerTest_003" name="addNewCustomer" time="13.544"/>
</testsuite> <!-- BankingApp Test -->
