<?xml version="1.0" encoding="UTF-8"?>
<!-- Generated by org.testng.reporters.JUnitXMLReporter -->
<testsuite ignored="0" hostname="LAPTOP-FBD5JB60" failures="0" tests="2" name="BankingApp Test" time="70.976" errors="0" timestamp="10 Aug 2020 02:05:32 GMT">
  <testcase classname="com.inetBanking.testCases.TC_LoginTest_001" name="loginTest" time="0.875"/>
  <testcase classname="com.inetBanking.testCases.TC_AddCustomerTest_003" name="addNewCustomer" time="15.156"/>
</testsuite> <!-- BankingApp Test -->
