<?xml version="1.0" encoding="UTF-8"?>
<testng-results ignored="0" total="2" passed="2" failed="0" skipped="0">
  <reporter-output>
  </reporter-output>
  <suite started-at="2020-08-10T02:04:21Z" name="inetBankingV1" finished-at="2020-08-10T02:05:32Z" duration-ms="70976">
    <groups>
    </groups>
    <test started-at="2020-08-10T02:04:21Z" name="BankingApp Test" finished-at="2020-08-10T02:05:32Z" duration-ms="70976">
      <class name="com.inetBanking.testCases.TC_AddCustomerTest_003">
        <test-method is-config="true" signature="setUp(java.lang.String)[pri:0, instance:com.inetBanking.testCases.TC_AddCustomerTest_003@68ceda24]" started-at="2020-08-10T02:05:03Z" name="setUp" finished-at="2020-08-10T02:05:16Z" duration-ms="12717" status="PASS">
          <params>
            <param index="0">
              <value>
                <![CDATA[chrome]]>
              </value>
            </param>
          </params>
          <reporter-output>
          </reporter-output>
        </test-method> <!-- setUp -->
        <test-method signature="addNewCustomer()[pri:0, instance:com.inetBanking.testCases.TC_AddCustomerTest_003@68ceda24]" started-at="2020-08-10T02:05:16Z" name="addNewCustomer" finished-at="2020-08-10T02:05:31Z" duration-ms="15156" status="PASS">
          <reporter-output>
          </reporter-output>
        </test-method> <!-- addNewCustomer -->
        <test-method is-config="true" signature="tearDown()[pri:0, instance:com.inetBanking.testCases.TC_AddCustomerTest_003@68ceda24]" started-at="2020-08-10T02:05:31Z" name="tearDown" finished-at="2020-08-10T02:05:32Z" duration-ms="640" status="PASS">
          <reporter-output>
          </reporter-output>
        </test-method> <!-- tearDown -->
      </class> <!-- com.inetBanking.testCases.TC_AddCustomerTest_003 -->
      <class name="com.inetBanking.testCases.TC_LoginTest_001">
        <test-method is-config="true" signature="setUp(java.lang.String)[pri:0, instance:com.inetBanking.testCases.TC_LoginTest_001@24b1d79b]" started-at="2020-08-10T02:04:21Z" name="setUp" finished-at="2020-08-10T02:05:02Z" duration-ms="40759" status="PASS">
          <params>
            <param index="0">
              <value>
                <![CDATA[chrome]]>
              </value>
            </param>
          </params>
          <reporter-output>
          </reporter-output>
        </test-method> <!-- setUp -->
        <test-method signature="loginTest()[pri:0, instance:com.inetBanking.testCases.TC_LoginTest_001@24b1d79b]" started-at="2020-08-10T02:05:02Z" name="loginTest" finished-at="2020-08-10T02:05:03Z" duration-ms="875" status="PASS">
          <reporter-output>
          </reporter-output>
        </test-method> <!-- loginTest -->
        <test-method is-config="true" signature="tearDown()[pri:0, instance:com.inetBanking.testCases.TC_LoginTest_001@24b1d79b]" started-at="2020-08-10T02:05:03Z" name="tearDown" finished-at="2020-08-10T02:05:03Z" duration-ms="606" status="PASS">
          <reporter-output>
          </reporter-output>
        </test-method> <!-- tearDown -->
      </class> <!-- com.inetBanking.testCases.TC_LoginTest_001 -->
    </test> <!-- BankingApp Test -->
  </suite> <!-- inetBankingV1 -->
</testng-results>
