<?xml version="1.0" encoding="UTF-8"?>
<testng-results ignored="0" total="2" passed="2" failed="0" skipped="0">
  <reporter-output>
  </reporter-output>
  <suite started-at="2020-08-09T14:09:44 EDT" name="inetBankingV1" finished-at="2020-08-09T14:10:27 EDT" duration-ms="42999">
    <groups>
    </groups>
    <test started-at="2020-08-09T14:09:44 EDT" name="BankingApp Test" finished-at="2020-08-09T14:10:27 EDT" duration-ms="42999">
      <class name="com.inetBanking.testCases.TC_LoginTest_001">
        <test-method is-config="true" signature="setUp(java.lang.String)[pri:0, instance:com.inetBanking.testCases.TC_LoginTest_001@2892d68]" started-at="2020-08-09T14:09:44 EDT" name="setUp" finished-at="2020-08-09T14:09:59 EDT" duration-ms="15423" status="PASS">
          <params>
            <param index="0">
              <value>
                <![CDATA[chrome]]>
              </value>
            </param>
          </params>
          <reporter-output>
          </reporter-output>
        </test-method> <!-- setUp -->
        <test-method signature="loginTest()[pri:0, instance:com.inetBanking.testCases.TC_LoginTest_001@2892d68]" started-at="2020-08-09T14:09:59 EDT" name="loginTest" finished-at="2020-08-09T14:10:01 EDT" duration-ms="1093" status="PASS">
          <reporter-output>
          </reporter-output>
        </test-method> <!-- loginTest -->
        <test-method is-config="true" signature="tearDown()[pri:0, instance:com.inetBanking.testCases.TC_LoginTest_001@2892d68]" started-at="2020-08-09T14:10:01 EDT" name="tearDown" finished-at="2020-08-09T14:10:01 EDT" duration-ms="682" status="PASS">
          <reporter-output>
          </reporter-output>
        </test-method> <!-- tearDown -->
      </class> <!-- com.inetBanking.testCases.TC_LoginTest_001 -->
      <class name="com.inetBanking.testCases.TC_AddCustomerTest_003">
        <test-method is-config="true" signature="setUp(java.lang.String)[pri:0, instance:com.inetBanking.testCases.TC_AddCustomerTest_003@5ab956d7]" started-at="2020-08-09T14:10:01 EDT" name="setUp" finished-at="2020-08-09T14:10:13 EDT" duration-ms="11330" status="PASS">
          <params>
            <param index="0">
              <value>
                <![CDATA[chrome]]>
              </value>
            </param>
          </params>
          <reporter-output>
          </reporter-output>
        </test-method> <!-- setUp -->
        <test-method signature="addNewCustomer()[pri:0, instance:com.inetBanking.testCases.TC_AddCustomerTest_003@5ab956d7]" started-at="2020-08-09T14:10:13 EDT" name="addNewCustomer" finished-at="2020-08-09T14:10:26 EDT" duration-ms="13544" status="PASS">
          <reporter-output>
          </reporter-output>
        </test-method> <!-- addNewCustomer -->
        <test-method is-config="true" signature="tearDown()[pri:0, instance:com.inetBanking.testCases.TC_AddCustomerTest_003@5ab956d7]" started-at="2020-08-09T14:10:26 EDT" name="tearDown" finished-at="2020-08-09T14:10:27 EDT" duration-ms="708" status="PASS">
          <reporter-output>
          </reporter-output>
        </test-method> <!-- tearDown -->
      </class> <!-- com.inetBanking.testCases.TC_AddCustomerTest_003 -->
    </test> <!-- BankingApp Test -->
  </suite> <!-- inetBankingV1 -->
</testng-results>
